<?xml version="1.0" encoding="UTF-8"?>
<testng-results skipped="0" failed="0" ignored="1" total="14" passed="13">
  <reporter-output>
  </reporter-output>
  <suite name="Suite" duration-ms="74823" started-at="2019-08-13T00:43:05Z" finished-at="2019-08-13T00:44:20Z">
    <groups>
    </groups>
    <test name="QaAssignment-Login" duration-ms="20380" started-at="2019-08-13T00:43:05Z" finished-at="2019-08-13T00:43:26Z">
      <class name="net.rtcamp.qa.testCases.LoginTest">
        <test-method status="PASS" signature="loginSuccessTest()[pri:0, instance:net.rtcamp.qa.testCases.LoginTest@42d80b78]" name="loginSuccessTest" duration-ms="12984" started-at="2019-08-13T00:43:05Z" finished-at="2019-08-13T00:43:18Z">
          <reporter-output>
          </reporter-output>
        </test-method> <!-- loginSuccessTest -->
        <test-method status="PASS" signature="logout()[pri:0, instance:net.rtcamp.qa.testCases.LoginTest@42d80b78]" name="logout" duration-ms="2012" started-at="2019-08-13T00:43:18Z" finished-at="2019-08-13T00:43:20Z">
          <reporter-output>
          </reporter-output>
        </test-method> <!-- logout -->
        <test-method status="PASS" signature="loginFailTest()[pri:0, instance:net.rtcamp.qa.testCases.LoginTest@42d80b78]" name="loginFailTest" duration-ms="1392" started-at="2019-08-13T00:43:20Z" finished-at="2019-08-13T00:43:22Z">
          <reporter-output>
          </reporter-output>
        </test-method> <!-- loginFailTest -->
        <test-method status="PASS" signature="loginSuccessTestTemp()[pri:0, instance:net.rtcamp.qa.testCases.LoginTest@42d80b78]" name="loginSuccessTestTemp" duration-ms="3951" started-at="2019-08-13T00:43:22Z" finished-at="2019-08-13T00:43:26Z">
          <reporter-output>
          </reporter-output>
        </test-method> <!-- loginSuccessTestTemp -->
      </class> <!-- net.rtcamp.qa.testCases.LoginTest -->
    </test> <!-- QaAssignment-Login -->
    <test name="QaAssignment-updatePost" duration-ms="2297" started-at="2019-08-13T00:43:53Z" finished-at="2019-08-13T00:43:55Z">
      <class name="net.rtcamp.qa.testCases.UpdateMediaStatusPost">
        <test-method status="PASS" signature="updateMediaImagesPost()[pri:0, instance:net.rtcamp.qa.testCases.UpdateMediaStatusPost@5f341870]" name="updateMediaImagesPost" duration-ms="2292" started-at="2019-08-13T00:43:53Z" finished-at="2019-08-13T00:43:55Z">
          <reporter-output>
          </reporter-output>
        </test-method> <!-- updateMediaImagesPost -->
      </class> <!-- net.rtcamp.qa.testCases.UpdateMediaStatusPost -->
    </test> <!-- QaAssignment-updatePost -->
    <test name="QaAssignment-CreateAndEditAlbums" duration-ms="16772" started-at="2019-08-13T00:43:55Z" finished-at="2019-08-13T00:44:12Z">
      <class name="net.rtcamp.qa.testCases.CreateAndEditAlbum">
        <test-method status="PASS" signature="gotoAlbumPage()[pri:0, instance:net.rtcamp.qa.testCases.CreateAndEditAlbum@4cf777e8]" name="gotoAlbumPage" duration-ms="2811" started-at="2019-08-13T00:43:55Z" finished-at="2019-08-13T00:43:58Z">
          <reporter-output>
          </reporter-output>
        </test-method> <!-- gotoAlbumPage -->
        <test-method status="PASS" signature="createAlbum()[pri:0, instance:net.rtcamp.qa.testCases.CreateAndEditAlbum@4cf777e8]" name="createAlbum" duration-ms="2422" started-at="2019-08-13T00:43:58Z" finished-at="2019-08-13T00:44:00Z">
          <reporter-output>
          </reporter-output>
        </test-method> <!-- createAlbum -->
        <test-method status="PASS" signature="editAlbum()[pri:0, instance:net.rtcamp.qa.testCases.CreateAndEditAlbum@4cf777e8]" name="editAlbum" duration-ms="1955" started-at="2019-08-13T00:44:00Z" finished-at="2019-08-13T00:44:02Z">
          <reporter-output>
          </reporter-output>
        </test-method> <!-- editAlbum -->
        <test-method status="PASS" signature="selectFiles()[pri:0, instance:net.rtcamp.qa.testCases.CreateAndEditAlbum@4cf777e8]" name="selectFiles" duration-ms="1697" started-at="2019-08-13T00:44:02Z" finished-at="2019-08-13T00:44:04Z">
          <reporter-output>
          </reporter-output>
        </test-method> <!-- selectFiles -->
        <test-method status="PASS" signature="uploadFiles()[pri:0, instance:net.rtcamp.qa.testCases.CreateAndEditAlbum@4cf777e8]" name="uploadFiles" duration-ms="4998" started-at="2019-08-13T00:44:04Z" finished-at="2019-08-13T00:44:09Z">
          <reporter-output>
          </reporter-output>
        </test-method> <!-- uploadFiles -->
        <test-method status="PASS" signature="likeMediaFile()[pri:0, instance:net.rtcamp.qa.testCases.CreateAndEditAlbum@4cf777e8]" name="likeMediaFile" duration-ms="1198" started-at="2019-08-13T00:44:09Z" finished-at="2019-08-13T00:44:10Z">
          <reporter-output>
          </reporter-output>
        </test-method> <!-- likeMediaFile -->
        <test-method status="PASS" signature="assertImageInLikes()[pri:0, instance:net.rtcamp.qa.testCases.CreateAndEditAlbum@4cf777e8]" name="assertImageInLikes" duration-ms="1671" started-at="2019-08-13T00:44:10Z" finished-at="2019-08-13T00:44:12Z">
          <reporter-output>
          </reporter-output>
        </test-method> <!-- assertImageInLikes -->
      </class> <!-- net.rtcamp.qa.testCases.CreateAndEditAlbum -->
    </test> <!-- QaAssignment-CreateAndEditAlbums -->
    <test name="QaAssignment-editProfile" duration-ms="8286" started-at="2019-08-13T00:44:12Z" finished-at="2019-08-13T00:44:20Z">
      <class name="net.rtcamp.qa.testCases.EditProfile">
        <test-method status="PASS" signature="setup()[pri:0, instance:net.rtcamp.qa.testCases.EditProfile@5bcab519]" name="setup" is-config="true" duration-ms="5989" started-at="2019-08-13T00:42:59Z" finished-at="2019-08-13T00:43:05Z">
          <reporter-output>
          </reporter-output>
        </test-method> <!-- setup -->
        <test-method status="PASS" signature="editProfileImage()[pri:0, instance:net.rtcamp.qa.testCases.EditProfile@5bcab519]" name="editProfileImage" duration-ms="8283" started-at="2019-08-13T00:44:12Z" finished-at="2019-08-13T00:44:20Z">
          <reporter-output>
          </reporter-output>
        </test-method> <!-- editProfileImage -->
      </class> <!-- net.rtcamp.qa.testCases.EditProfile -->
    </test> <!-- QaAssignment-editProfile -->
  </suite> <!-- Suite -->
</testng-results>
