<?xml version="1.0" encoding="UTF-8"?>
<testng-results skipped="0" failed="1" ignored="1" total="18" passed="16">
  <reporter-output>
  </reporter-output>
  <suite name="Suite" duration-ms="77835" started-at="2019-08-13T03:43:21Z" finished-at="2019-08-13T03:44:39Z">
    <groups>
    </groups>
    <test name="QaAssignment-Login" duration-ms="15851" started-at="2019-08-13T03:43:21Z" finished-at="2019-08-13T03:43:37Z">
      <class name="net.rtcamp.qa.testCases.LoginTest">
        <test-method status="PASS" signature="loginSuccessTest()[pri:0, instance:net.rtcamp.qa.testCases.LoginTest@42d80b78]" name="loginSuccessTest" duration-ms="8466" started-at="2019-08-13T03:43:21Z" finished-at="2019-08-13T03:43:30Z">
          <reporter-output>
          </reporter-output>
        </test-method> <!-- loginSuccessTest -->
        <test-method status="PASS" signature="logout()[pri:0, instance:net.rtcamp.qa.testCases.LoginTest@42d80b78]" name="logout" duration-ms="2578" started-at="2019-08-13T03:43:30Z" finished-at="2019-08-13T03:43:32Z">
          <reporter-output>
          </reporter-output>
        </test-method> <!-- logout -->
        <test-method status="PASS" signature="loginFailTest()[pri:0, instance:net.rtcamp.qa.testCases.LoginTest@42d80b78]" name="loginFailTest" duration-ms="1441" started-at="2019-08-13T03:43:32Z" finished-at="2019-08-13T03:43:34Z">
          <reporter-output>
          </reporter-output>
        </test-method> <!-- loginFailTest -->
        <test-method status="PASS" signature="loginSuccessTestTemp()[pri:0, instance:net.rtcamp.qa.testCases.LoginTest@42d80b78]" name="loginSuccessTestTemp" duration-ms="3323" started-at="2019-08-13T03:43:34Z" finished-at="2019-08-13T03:43:37Z">
          <reporter-output>
          </reporter-output>
        </test-method> <!-- loginSuccessTestTemp -->
      </class> <!-- net.rtcamp.qa.testCases.LoginTest -->
    </test> <!-- QaAssignment-Login -->
    <test name="QaAssignment-updatePost" duration-ms="1422" started-at="2019-08-13T03:43:37Z" finished-at="2019-08-13T03:43:39Z">
      <class name="net.rtcamp.qa.testCases.UpdateMediaStatusPost">
        <test-method status="PASS" signature="updateMediaImagesPost()[pri:0, instance:net.rtcamp.qa.testCases.UpdateMediaStatusPost@5f341870]" name="updateMediaImagesPost" duration-ms="1418" started-at="2019-08-13T03:43:37Z" finished-at="2019-08-13T03:43:39Z">
          <reporter-output>
          </reporter-output>
        </test-method> <!-- updateMediaImagesPost -->
      </class> <!-- net.rtcamp.qa.testCases.UpdateMediaStatusPost -->
    </test> <!-- QaAssignment-updatePost -->
    <test name="QaAssignment-CreateAndEditAlbums" duration-ms="52231" started-at="2019-08-13T03:43:39Z" finished-at="2019-08-13T03:44:31Z">
      <class name="net.rtcamp.qa.testCases.CreateAndEditAlbum">
        <test-method status="PASS" signature="gotoAlbumPage()[pri:0, instance:net.rtcamp.qa.testCases.CreateAndEditAlbum@3fee9989]" name="gotoAlbumPage" duration-ms="2258" started-at="2019-08-13T03:43:39Z" finished-at="2019-08-13T03:43:41Z">
          <reporter-output>
          </reporter-output>
        </test-method> <!-- gotoAlbumPage -->
        <test-method status="PASS" signature="createAlbum()[pri:0, instance:net.rtcamp.qa.testCases.CreateAndEditAlbum@3fee9989]" name="createAlbum" duration-ms="2073" started-at="2019-08-13T03:43:41Z" finished-at="2019-08-13T03:43:43Z">
          <reporter-output>
          </reporter-output>
        </test-method> <!-- createAlbum -->
        <test-method status="PASS" signature="editAlbum()[pri:0, instance:net.rtcamp.qa.testCases.CreateAndEditAlbum@3fee9989]" name="editAlbum" duration-ms="1792" started-at="2019-08-13T03:43:43Z" finished-at="2019-08-13T03:43:45Z">
          <reporter-output>
          </reporter-output>
        </test-method> <!-- editAlbum -->
        <test-method status="PASS" signature="selectFiles(java.lang.String)[pri:0, instance:net.rtcamp.qa.testCases.CreateAndEditAlbum@3fee9989]" name="selectFiles" duration-ms="3098" started-at="2019-08-13T03:43:45Z" data-provider="uploadImages" finished-at="2019-08-13T03:43:48Z">
          <params>
            <param index="0">
              <value>
                <![CDATA[bird.jpg]]>
              </value>
            </param>
          </params>
          <reporter-output>
          </reporter-output>
        </test-method> <!-- selectFiles -->
        <test-method status="PASS" signature="selectFiles(java.lang.String)[pri:0, instance:net.rtcamp.qa.testCases.CreateAndEditAlbum@3fee9989]" name="selectFiles" duration-ms="2236" started-at="2019-08-13T03:43:48Z" data-provider="uploadImages" finished-at="2019-08-13T03:43:50Z">
          <params>
            <param index="0">
              <value>
                <![CDATA[egypt.png]]>
              </value>
            </param>
          </params>
          <reporter-output>
          </reporter-output>
        </test-method> <!-- selectFiles -->
        <test-method status="PASS" signature="selectFiles(java.lang.String)[pri:0, instance:net.rtcamp.qa.testCases.CreateAndEditAlbum@3fee9989]" name="selectFiles" duration-ms="2271" started-at="2019-08-13T03:43:50Z" data-provider="uploadImages" finished-at="2019-08-13T03:43:52Z">
          <params>
            <param index="0">
              <value>
                <![CDATA[panther.jpg]]>
              </value>
            </param>
          </params>
          <reporter-output>
          </reporter-output>
        </test-method> <!-- selectFiles -->
        <test-method status="PASS" signature="selectFiles(java.lang.String)[pri:0, instance:net.rtcamp.qa.testCases.CreateAndEditAlbum@3fee9989]" name="selectFiles" duration-ms="2191" started-at="2019-08-13T03:43:52Z" data-provider="uploadImages" finished-at="2019-08-13T03:43:55Z">
          <params>
            <param index="0">
              <value>
                <![CDATA[horse.png]]>
              </value>
            </param>
          </params>
          <reporter-output>
          </reporter-output>
        </test-method> <!-- selectFiles -->
        <test-method status="PASS" signature="selectFiles(java.lang.String)[pri:0, instance:net.rtcamp.qa.testCases.CreateAndEditAlbum@3fee9989]" name="selectFiles" duration-ms="2170" started-at="2019-08-13T03:43:55Z" data-provider="uploadImages" finished-at="2019-08-13T03:43:57Z">
          <params>
            <param index="0">
              <value>
                <![CDATA[winterBird.jpg]]>
              </value>
            </param>
          </params>
          <reporter-output>
          </reporter-output>
        </test-method> <!-- selectFiles -->
        <test-method status="PASS" signature="uploadFiles()[pri:0, instance:net.rtcamp.qa.testCases.CreateAndEditAlbum@3fee9989]" name="uploadFiles" duration-ms="21591" started-at="2019-08-13T03:43:57Z" finished-at="2019-08-13T03:44:18Z">
          <reporter-output>
          </reporter-output>
        </test-method> <!-- uploadFiles -->
        <test-method status="PASS" signature="likeMediaFile()[pri:0, instance:net.rtcamp.qa.testCases.CreateAndEditAlbum@3fee9989]" name="likeMediaFile" duration-ms="1121" started-at="2019-08-13T03:44:18Z" finished-at="2019-08-13T03:44:19Z">
          <reporter-output>
          </reporter-output>
        </test-method> <!-- likeMediaFile -->
        <test-method status="FAIL" signature="assertImageInLikes()[pri:0, instance:net.rtcamp.qa.testCases.CreateAndEditAlbum@3fee9989]" name="assertImageInLikes" duration-ms="11392" started-at="2019-08-13T03:44:19Z" finished-at="2019-08-13T03:44:31Z">
          <exception class="org.openqa.selenium.NoSuchElementException">
            <message>
              <![CDATA[no such element: Unable to locate element: {"method":"xpath","selector":"//a[@title='bird']"}
  (Session info: chrome=76.0.3809.100)
  (Driver info: chromedriver=2.38.552522 (437e6fbedfa8762dec75e2c5b3ddb86763dc9dcb),platform=Windows NT 6.3.9600 x86_64) (WARNING: The server did not provide any stacktrace information)
Command duration or timeout: 0 milliseconds
For documentation on this error, please visit: http://seleniumhq.org/exceptions/no_such_element.html
Build info: version: '3.9.1', revision: '63f7b50', time: '2018-02-07T22:25:02.294Z'
System info: host: 'DELL', ip: '192.168.166.2', os.name: 'Windows 8.1', os.arch: 'amd64', os.version: '6.3', java.version: '1.8.0_171'
Driver info: org.openqa.selenium.chrome.ChromeDriver
Capabilities {acceptInsecureCerts: false, acceptSslCerts: false, applicationCacheEnabled: false, browserConnectionEnabled: false, browserName: chrome, chrome: {chromedriverVersion: 2.38.552522 (437e6fbedfa876..., userDataDir: C:\Users\Amr\AppData\Local\...}, cssSelectorsEnabled: true, databaseEnabled: false, handlesAlerts: true, hasTouchScreen: false, javascriptEnabled: true, locationContextEnabled: true, mobileEmulationEnabled: false, nativeEvents: true, networkConnectionEnabled: false, pageLoadStrategy: normal, platform: XP, platformName: XP, rotatable: false, setWindowRect: true, takesHeapSnapshot: true, takesScreenshot: true, unexpectedAlertBehaviour: , unhandledPromptBehavior: , version: 76.0.3809.100, webStorageEnabled: true}
Session ID: 6d8dc93b5d8d0e64d40e134b36c24aac
*** Element info: {Using=xpath, value=//a[@title='bird']}]]>
            </message>
            <full-stacktrace>
              <![CDATA[org.openqa.selenium.NoSuchElementException: no such element: Unable to locate element: {"method":"xpath","selector":"//a[@title='bird']"}
  (Session info: chrome=76.0.3809.100)
  (Driver info: chromedriver=2.38.552522 (437e6fbedfa8762dec75e2c5b3ddb86763dc9dcb),platform=Windows NT 6.3.9600 x86_64) (WARNING: The server did not provide any stacktrace information)
Command duration or timeout: 0 milliseconds
For documentation on this error, please visit: http://seleniumhq.org/exceptions/no_such_element.html
Build info: version: '3.9.1', revision: '63f7b50', time: '2018-02-07T22:25:02.294Z'
System info: host: 'DELL', ip: '192.168.166.2', os.name: 'Windows 8.1', os.arch: 'amd64', os.version: '6.3', java.version: '1.8.0_171'
Driver info: org.openqa.selenium.chrome.ChromeDriver
Capabilities {acceptInsecureCerts: false, acceptSslCerts: false, applicationCacheEnabled: false, browserConnectionEnabled: false, browserName: chrome, chrome: {chromedriverVersion: 2.38.552522 (437e6fbedfa876..., userDataDir: C:\Users\Amr\AppData\Local\...}, cssSelectorsEnabled: true, databaseEnabled: false, handlesAlerts: true, hasTouchScreen: false, javascriptEnabled: true, locationContextEnabled: true, mobileEmulationEnabled: false, nativeEvents: true, networkConnectionEnabled: false, pageLoadStrategy: normal, platform: XP, platformName: XP, rotatable: false, setWindowRect: true, takesHeapSnapshot: true, takesScreenshot: true, unexpectedAlertBehaviour: , unhandledPromptBehavior: , version: 76.0.3809.100, webStorageEnabled: true}
Session ID: 6d8dc93b5d8d0e64d40e134b36c24aac
*** Element info: {Using=xpath, value=//a[@title='bird']}
at sun.reflect.NativeConstructorAccessorImpl.newInstance0(Native Method)
at sun.reflect.NativeConstructorAccessorImpl.newInstance(NativeConstructorAccessorImpl.java:62)
at sun.reflect.DelegatingConstructorAccessorImpl.newInstance(DelegatingConstructorAccessorImpl.java:45)
at java.lang.reflect.Constructor.newInstance(Constructor.java:423)
at org.openqa.selenium.remote.ErrorHandler.createThrowable(ErrorHandler.java:214)
at org.openqa.selenium.remote.ErrorHandler.throwIfResponseFailed(ErrorHandler.java:166)
at org.openqa.selenium.remote.http.JsonHttpResponseCodec.reconstructValue(JsonHttpResponseCodec.java:40)
at org.openqa.selenium.remote.http.AbstractHttpResponseCodec.decode(AbstractHttpResponseCodec.java:80)
at org.openqa.selenium.remote.http.AbstractHttpResponseCodec.decode(AbstractHttpResponseCodec.java:44)
at org.openqa.selenium.remote.HttpCommandExecutor.execute(HttpCommandExecutor.java:160)
at org.openqa.selenium.remote.service.DriverCommandExecutor.execute(DriverCommandExecutor.java:83)
at org.openqa.selenium.remote.RemoteWebDriver.execute(RemoteWebDriver.java:601)
at org.openqa.selenium.remote.RemoteWebDriver.findElement(RemoteWebDriver.java:371)
at org.openqa.selenium.remote.RemoteWebDriver.findElementByXPath(RemoteWebDriver.java:473)
at org.openqa.selenium.By$ByXPath.findElement(By.java:361)
at org.openqa.selenium.remote.RemoteWebDriver.findElement(RemoteWebDriver.java:363)
at net.rtcamp.qa.testPages.MediaAlbumPage.targetImageInLikesElement(MediaAlbumPage.java:86)
at net.rtcamp.qa.testPages.MediaAlbumPage.assertImageInLikes(MediaAlbumPage.java:158)
at net.rtcamp.qa.testCases.CreateAndEditAlbum.assertImageInLikes(CreateAndEditAlbum.java:56)
at sun.reflect.NativeMethodAccessorImpl.invoke0(Native Method)
at sun.reflect.NativeMethodAccessorImpl.invoke(NativeMethodAccessorImpl.java:62)
at sun.reflect.DelegatingMethodAccessorImpl.invoke(DelegatingMethodAccessorImpl.java:43)
at java.lang.reflect.Method.invoke(Method.java:498)
at org.testng.internal.MethodInvocationHelper.invokeMethod(MethodInvocationHelper.java:124)
at org.testng.internal.Invoker.invokeMethod(Invoker.java:580)
at org.testng.internal.Invoker.invokeTestMethod(Invoker.java:716)
at org.testng.internal.Invoker.invokeTestMethods(Invoker.java:988)
at org.testng.internal.TestMethodWorker.invokeTestMethods(TestMethodWorker.java:125)
at org.testng.internal.TestMethodWorker.run(TestMethodWorker.java:109)
at org.testng.TestRunner.privateRun(TestRunner.java:648)
at org.testng.TestRunner.run(TestRunner.java:505)
at org.testng.SuiteRunner.runTest(SuiteRunner.java:455)
at org.testng.SuiteRunner.runSequentially(SuiteRunner.java:450)
at org.testng.SuiteRunner.privateRun(SuiteRunner.java:415)
at org.testng.SuiteRunner.run(SuiteRunner.java:364)
at org.testng.SuiteRunnerWorker.runSuite(SuiteRunnerWorker.java:52)
at org.testng.SuiteRunnerWorker.run(SuiteRunnerWorker.java:84)
at org.testng.TestNG.runSuitesSequentially(TestNG.java:1208)
at org.testng.TestNG.runSuitesLocally(TestNG.java:1137)
at org.testng.TestNG.runSuites(TestNG.java:1049)
at org.testng.TestNG.run(TestNG.java:1017)
at org.testng.remote.AbstractRemoteTestNG.run(AbstractRemoteTestNG.java:114)
at org.testng.remote.RemoteTestNG.initAndRun(RemoteTestNG.java:251)
at org.testng.remote.RemoteTestNG.main(RemoteTestNG.java:77)
]]>
            </full-stacktrace>
          </exception> <!-- org.openqa.selenium.NoSuchElementException -->
          <reporter-output>
          </reporter-output>
        </test-method> <!-- assertImageInLikes -->
      </class> <!-- net.rtcamp.qa.testCases.CreateAndEditAlbum -->
    </test> <!-- QaAssignment-CreateAndEditAlbums -->
    <test name="QaAssignment-editProfile" duration-ms="8255" started-at="2019-08-13T03:44:31Z" finished-at="2019-08-13T03:44:39Z">
      <class name="net.rtcamp.qa.testCases.EditProfile">
        <test-method status="PASS" signature="setup()[pri:0, instance:net.rtcamp.qa.testCases.EditProfile@5f2108b5]" name="setup" is-config="true" duration-ms="5481" started-at="2019-08-13T03:43:16Z" finished-at="2019-08-13T03:43:21Z">
          <reporter-output>
          </reporter-output>
        </test-method> <!-- setup -->
        <test-method status="PASS" signature="editProfileImage()[pri:0, instance:net.rtcamp.qa.testCases.EditProfile@5f2108b5]" name="editProfileImage" duration-ms="8251" started-at="2019-08-13T03:44:31Z" finished-at="2019-08-13T03:44:39Z">
          <reporter-output>
          </reporter-output>
        </test-method> <!-- editProfileImage -->
      </class> <!-- net.rtcamp.qa.testCases.EditProfile -->
    </test> <!-- QaAssignment-editProfile -->
  </suite> <!-- Suite -->
</testng-results>
