<?xml version="1.0" encoding="UTF-8"?>
<!-- Generated by org.testng.reporters.JUnitXMLReporter -->
<testsuite hostname="dell" ignored="3" name="QaAssignment-updatePost" tests="3" failures="0" timestamp="10 Aug 2019 01:10:21 GMT" time="4.328" errors="0">
  <testcase name="gotoHomePage" time="0.592" classname="net.rtcamp.qa.testCases.LoginTest"/>
  <testcase name="loginSuccessTest" time="2.555" classname="net.rtcamp.qa.testCases.LoginTest"/>
  <testcase name="updateMediaImagesPost" time="1.158" classname="net.rtcamp.qa.testCases.UpdateMediaStatusPost"/>
  <testcase name="logout" time="0.0" classname="net.rtcamp.qa.testCases.LoginTest">
    <ignored/>
  </testcase> <!-- logout -->
  <testcase name="loginFailTest" time="0.0" classname="net.rtcamp.qa.testCases.LoginTest">
    <ignored/>
  </testcase> <!-- loginFailTest -->
  <testcase name="@BeforeSuite setup" time="0.0" classname="net.rtcamp.qa.testBase.TestBase">
    <ignored/>
  </testcase> <!-- @BeforeSuite setup -->
</testsuite> <!-- QaAssignment-updatePost -->
