<?xml version="1.0" encoding="UTF-8"?>
<!-- Generated by org.testng.reporters.JUnitXMLReporter -->
<testsuite hostname="dell" ignored="1" name="QaAssignment-Login" tests="4" failures="0" timestamp="13 Aug 2019 03:43:37 GMT" time="15.851" errors="0">
  <testcase name="loginSuccessTest" time="8.466" classname="net.rtcamp.qa.testCases.LoginTest"/>
  <testcase name="logout" time="2.578" classname="net.rtcamp.qa.testCases.LoginTest"/>
  <testcase name="loginFailTest" time="1.441" classname="net.rtcamp.qa.testCases.LoginTest"/>
  <testcase name="loginSuccessTestTemp" time="3.323" classname="net.rtcamp.qa.testCases.LoginTest"/>
  <testcase name="logoutWithoutClose" time="0.0" classname="net.rtcamp.qa.testCases.LoginTest">
    <ignored/>
  </testcase> <!-- logoutWithoutClose -->
</testsuite> <!-- QaAssignment-Login -->
