<?xml version="1.0" encoding="UTF-8"?>
<!-- Generated by org.testng.reporters.JUnitXMLReporter -->
<testsuite hostname="dell" ignored="0" name="QaAssignment-Login" tests="4" failures="0" timestamp="10 Aug 2019 01:10:17 GMT" time="10.13" errors="0">
  <testcase name="gotoHomePage" time="4.059" classname="net.rtcamp.qa.testCases.LoginTest"/>
  <testcase name="loginSuccessTest" time="3.515" classname="net.rtcamp.qa.testCases.LoginTest"/>
  <testcase name="logout" time="1.28" classname="net.rtcamp.qa.testCases.LoginTest"/>
  <testcase name="loginFailTest" time="1.228" classname="net.rtcamp.qa.testCases.LoginTest"/>
</testsuite> <!-- QaAssignment-Login -->
