<?xml version="1.0" encoding="UTF-8"?>
<!-- Generated by org.testng.reporters.JUnitXMLReporter -->
<testsuite hostname="dell" ignored="2" name="QaAssignment" tests="3" failures="1" timestamp="10 Aug 2019 00:02:31 GMT" time="10.592" errors="0">
  <testcase name="loginSuccessTest" time="6.907" classname="net.rtcamp.qa.testCases.LoginTest"/>
  <testcase name="loginFailTest" time="1.422" classname="net.rtcamp.qa.testCases.LoginTest"/>
  <testcase name="updateMediaImagesPost" time="0.0" classname="net.rtcamp.qa.testCases.UpdateMediaStatusPost">
    <failure type="org.testng.TestNGException" message="
Method public void net.rtcamp.qa.testCases.UpdateMediaStatusPost.updateMediaImagesPost(java.lang.String) requires a @DataProvider named : upladImages">
      <![CDATA[org.testng.TestNGException: 
Method public void net.rtcamp.qa.testCases.UpdateMediaStatusPost.updateMediaImagesPost(java.lang.String) requires a @DataProvider named : upladImages
... Removed 22 stack frames]]>
    </failure>
  </testcase> <!-- updateMediaImagesPost -->
  <testcase name="@AfterSuite tearDown" time="0.0" classname="net.rtcamp.qa.testBase.TestBase">
    <ignored/>
  </testcase> <!-- @AfterSuite tearDown -->
  <testcase name="@BeforeSuite setup" time="0.0" classname="net.rtcamp.qa.testBase.TestBase">
    <ignored/>
  </testcase> <!-- @BeforeSuite setup -->
</testsuite> <!-- QaAssignment -->
