<?xml version="1.0" encoding="UTF-8"?>
<!-- Generated by org.testng.reporters.JUnitXMLReporter -->
<testsuite hostname="dell" ignored="0" name="QaAssignment-CreateAndEditAlbums" tests="7" failures="0" timestamp="13 Aug 2019 00:44:12 GMT" time="16.772" errors="0">
  <testcase name="gotoAlbumPage" time="2.811" classname="net.rtcamp.qa.testCases.CreateAndEditAlbum"/>
  <testcase name="createAlbum" time="2.422" classname="net.rtcamp.qa.testCases.CreateAndEditAlbum"/>
  <testcase name="editAlbum" time="1.955" classname="net.rtcamp.qa.testCases.CreateAndEditAlbum"/>
  <testcase name="selectFiles" time="1.697" classname="net.rtcamp.qa.testCases.CreateAndEditAlbum"/>
  <testcase name="uploadFiles" time="4.998" classname="net.rtcamp.qa.testCases.CreateAndEditAlbum"/>
  <testcase name="likeMediaFile" time="1.198" classname="net.rtcamp.qa.testCases.CreateAndEditAlbum"/>
  <testcase name="assertImageInLikes" time="1.671" classname="net.rtcamp.qa.testCases.CreateAndEditAlbum"/>
</testsuite> <!-- QaAssignment-CreateAndEditAlbums -->
