<?xml version="1.0" encoding="UTF-8"?>
<!-- Generated by org.testng.reporters.JUnitXMLReporter -->
<testsuite hostname="dell" ignored="9" name="QaAssignment-LikeMediaFile" tests="4" failures="1" timestamp="13 Aug 2019 00:25:04 GMT" time="22.038" errors="0">
  <testcase name="gotoAlbumPage" time="3.152" classname="net.rtcamp.qa.testCases.CreateAndEditAlbum"/>
  <testcase name="likeMediaFile" time="10.031" classname="net.rtcamp.qa.testCases.CreateAndEditAlbum">
    <failure type="org.openqa.selenium.NoSuchElementException" message="no such element: Unable to locate element: {&amp;quot;method&amp;quot;:&amp;quot;xpath&amp;quot;,&amp;quot;selector&amp;quot;:&amp;quot;//ul[@class=&amp;apos;rtmedia-list rtmedia-list-media rtm-gallery-list clearfix context-id-3 rtm-pro-allow-action&amp;apos;] /li[1]&amp;quot;}
  (Session info: chrome=76.0.3809.100)
  (Driver info: chromedriver=2.38.552522 (437e6fbedfa8762dec75e2c5b3ddb86763dc9dcb),platform=Windows NT 6.3.9600 x86_64) (WARNING: The server did not provide any stacktrace information)
Command duration or timeout: 0 milliseconds
For documentation on this error, please visit: http://seleniumhq.org/exceptions/no_such_element.html
Build info: version: &amp;apos;3.9.1&amp;apos;, revision: &amp;apos;63f7b50&amp;apos;, time: &amp;apos;2018-02-07T22:25:02.294Z&amp;apos;
System info: host: &amp;apos;DELL&amp;apos;, ip: &amp;apos;192.168.166.2&amp;apos;, os.name: &amp;apos;Windows 8.1&amp;apos;, os.arch: &amp;apos;amd64&amp;apos;, os.version: &amp;apos;6.3&amp;apos;, java.version: &amp;apos;1.8.0_171&amp;apos;
Driver info: org.openqa.selenium.chrome.ChromeDriver
Capabilities {acceptInsecureCerts: false, acceptSslCerts: false, applicationCacheEnabled: false, browserConnectionEnabled: false, browserName: chrome, chrome: {chromedriverVersion: 2.38.552522 (437e6fbedfa876..., userDataDir: C:\Users\Amr\AppData\Local\...}, cssSelectorsEnabled: true, databaseEnabled: false, handlesAlerts: true, hasTouchScreen: false, javascriptEnabled: true, locationContextEnabled: true, mobileEmulationEnabled: false, nativeEvents: true, networkConnectionEnabled: false, pageLoadStrategy: normal, platform: XP, platformName: XP, rotatable: false, setWindowRect: true, takesHeapSnapshot: true, takesScreenshot: true, unexpectedAlertBehaviour: , unhandledPromptBehavior: , version: 76.0.3809.100, webStorageEnabled: true}
Session ID: e2c02e0b2c45132effd1c7e6ad9a40d4
*** Element info: {Using=xpath, value=//ul[@class=&amp;apos;rtmedia-list rtmedia-list-media rtm-gallery-list clearfix context-id-3 rtm-pro-allow-action&amp;apos;] /li[1]}">
      <![CDATA[org.openqa.selenium.NoSuchElementException: no such element: Unable to locate element: {"method":"xpath","selector":"//ul[@class='rtmedia-list rtmedia-list-media rtm-gallery-list clearfix context-id-3 rtm-pro-allow-action'] /li[1]"}
  (Session info: chrome=76.0.3809.100)
  (Driver info: chromedriver=2.38.552522 (437e6fbedfa8762dec75e2c5b3ddb86763dc9dcb),platform=Windows NT 6.3.9600 x86_64) (WARNING: The server did not provide any stacktrace information)
Command duration or timeout: 0 milliseconds
For documentation on this error, please visit: http://seleniumhq.org/exceptions/no_such_element.html
Build info: version: '3.9.1', revision: '63f7b50', time: '2018-02-07T22:25:02.294Z'
System info: host: 'DELL', ip: '192.168.166.2', os.name: 'Windows 8.1', os.arch: 'amd64', os.version: '6.3', java.version: '1.8.0_171'
Driver info: org.openqa.selenium.chrome.ChromeDriver
Capabilities {acceptInsecureCerts: false, acceptSslCerts: false, applicationCacheEnabled: false, browserConnectionEnabled: false, browserName: chrome, chrome: {chromedriverVersion: 2.38.552522 (437e6fbedfa876..., userDataDir: C:\Users\Amr\AppData\Local\...}, cssSelectorsEnabled: true, databaseEnabled: false, handlesAlerts: true, hasTouchScreen: false, javascriptEnabled: true, locationContextEnabled: true, mobileEmulationEnabled: false, nativeEvents: true, networkConnectionEnabled: false, pageLoadStrategy: normal, platform: XP, platformName: XP, rotatable: false, setWindowRect: true, takesHeapSnapshot: true, takesScreenshot: true, unexpectedAlertBehaviour: , unhandledPromptBehavior: , version: 76.0.3809.100, webStorageEnabled: true}
Session ID: e2c02e0b2c45132effd1c7e6ad9a40d4
*** Element info: {Using=xpath, value=//ul[@class='rtmedia-list rtmedia-list-media rtm-gallery-list clearfix context-id-3 rtm-pro-allow-action'] /li[1]}
at org.openqa.selenium.remote.ErrorHandler.createThrowable(ErrorHandler.java:214)
at org.openqa.selenium.remote.ErrorHandler.throwIfResponseFailed(ErrorHandler.java:166)
at org.openqa.selenium.remote.http.JsonHttpResponseCodec.reconstructValue(JsonHttpResponseCodec.java:40)
at org.openqa.selenium.remote.http.AbstractHttpResponseCodec.decode(AbstractHttpResponseCodec.java:80)
at org.openqa.selenium.remote.http.AbstractHttpResponseCodec.decode(AbstractHttpResponseCodec.java:44)
at org.openqa.selenium.remote.HttpCommandExecutor.execute(HttpCommandExecutor.java:160)
at org.openqa.selenium.remote.service.DriverCommandExecutor.execute(DriverCommandExecutor.java:83)
at org.openqa.selenium.remote.RemoteWebDriver.execute(RemoteWebDriver.java:601)
at org.openqa.selenium.remote.RemoteWebDriver.findElement(RemoteWebDriver.java:371)
at org.openqa.selenium.remote.RemoteWebDriver.findElementByXPath(RemoteWebDriver.java:473)
at org.openqa.selenium.By$ByXPath.findElement(By.java:361)
at org.openqa.selenium.remote.RemoteWebDriver.findElement(RemoteWebDriver.java:363)
at net.rtcamp.qa.testPages.MediaAlbumPage.targetMediaElement(MediaAlbumPage.java:61)
at net.rtcamp.qa.testPages.MediaAlbumPage.openMediaFile(MediaAlbumPage.java:131)
at net.rtcamp.qa.testCases.CreateAndEditAlbum.likeMediaFile(CreateAndEditAlbum.java:39)
... Removed 29 stack frames]]>
    </failure>
  </testcase> <!-- likeMediaFile -->
  <testcase name="assertImageInLikes" time="6.582" classname="net.rtcamp.qa.testCases.CreateAndEditAlbum"/>
  <testcase name="logout" time="2.258" classname="net.rtcamp.qa.testCases.LoginTest"/>
  <testcase name="loginSuccessTestTemp" time="0.0" classname="net.rtcamp.qa.testCases.LoginTest">
    <ignored/>
  </testcase> <!-- loginSuccessTestTemp -->
  <testcase name="uploadFiles" time="0.0" classname="net.rtcamp.qa.testCases.CreateAndEditAlbum">
    <ignored/>
  </testcase> <!-- uploadFiles -->
  <testcase name="loginFailTest" time="0.0" classname="net.rtcamp.qa.testCases.LoginTest">
    <ignored/>
  </testcase> <!-- loginFailTest -->
  <testcase name="loginSuccessTest" time="0.0" classname="net.rtcamp.qa.testCases.LoginTest">
    <ignored/>
  </testcase> <!-- loginSuccessTest -->
  <testcase name="editAlbum" time="0.0" classname="net.rtcamp.qa.testCases.CreateAndEditAlbum">
    <ignored/>
  </testcase> <!-- editAlbum -->
  <testcase name="createAlbum" time="0.0" classname="net.rtcamp.qa.testCases.CreateAndEditAlbum">
    <ignored/>
  </testcase> <!-- createAlbum -->
  <testcase name="selectFiles" time="0.0" classname="net.rtcamp.qa.testCases.CreateAndEditAlbum">
    <ignored/>
  </testcase> <!-- selectFiles -->
  <testcase name="@BeforeSuite setup" time="0.0" classname="net.rtcamp.qa.testBase.TestBase">
    <ignored/>
  </testcase> <!-- @BeforeSuite setup -->
  <testcase name="logoutWithoutClose" time="0.0" classname="net.rtcamp.qa.testCases.LoginTest">
    <ignored/>
  </testcase> <!-- logoutWithoutClose -->
</testsuite> <!-- QaAssignment-LikeMediaFile -->
